2025-05-26 11:24:14 INFO  c.e.c.SampleItemControllerTest - Starting SampleItemControllerTest using Java 17.0.15 with PID 2736 (started by gowda in /home/gowda/MyMavenApp)
2025-05-26 11:24:14 INFO  c.e.c.SampleItemControllerTest - No active profile set, falling back to 1 default profile: "default"
2025-05-26 11:24:15 INFO  console - =================== Jetty Server ==========
=== port:          0                    ===
=== min thread:         12              ===
=== max thread:         24              ===
=== idle timeout:       5000            ===
=== max queue size:     240000          ===
===========================================

2025-05-26 11:24:15 INFO  org.eclipse.jetty.server.Server - jetty-12.0.11; built: 2024-06-27T23:42:49.912Z; git: 9f90cedce372142f30c744a16a38d2c6bf634ab6; jvm 17.0.15+6-Ubuntu-0ubuntu124.04
2025-05-26 11:24:15 INFO  o.e.j.s.h.ContextHandler.application - Initializing Spring embedded WebApplicationContext
2025-05-26 11:24:15 INFO  o.e.j.s.DefaultSessionIdManager - Session workerName=node0
2025-05-26 11:24:15 INFO  o.e.j.server.handler.ContextHandler - Started osbwej.JettyEmbeddedWebAppContext@14f8fdae{application,/,b=file:/tmp/jetty-docbase.0.10254967589365460430/,a=AVAILABLE,h=oeje10s.SessionHandler@4414ee28{STARTED}}
2025-05-26 11:24:15 INFO  o.e.j.e.s.ServletContextHandler - Started osbwej.JettyEmbeddedWebAppContext@14f8fdae{application,/,b=file:/tmp/jetty-docbase.0.10254967589365460430/,a=AVAILABLE,h=oeje10s.SessionHandler@4414ee28{STARTED}}
2025-05-26 11:24:15 INFO  org.eclipse.jetty.server.Server - Started oejs.Server@1300112e{STARTING}[12.0.11,sto=0] @3034ms
2025-05-26 11:24:16 INFO  o.e.j.s.h.ContextHandler.application - Initializing Spring DispatcherServlet 'dispatcherServlet'
2025-05-26 11:24:16 INFO  o.e.jetty.server.AbstractConnector - Started ServerConnector@274de4bc{HTTP/1.1, (http/1.1)}{0.0.0.0:41805}
2025-05-26 11:24:16 INFO  c.e.c.SampleItemControllerTest - Started SampleItemControllerTest in 1.989 seconds (process running for 3.358)
2025-05-26 11:24:16 INFO  console - Active Profile: []
2025-05-26 11:24:17 INFO  c.e.service.SampleItemServiceTest - Starting SampleItemServiceTest using Java 17.0.15 with PID 2736 (started by gowda in /home/gowda/MyMavenApp)
2025-05-26 11:24:17 INFO  c.e.service.SampleItemServiceTest - No active profile set, falling back to 1 default profile: "default"
2025-05-26 11:24:17 INFO  console - =================== Jetty Server ==========
=== port:       8080                    ===
=== min thread:         12              ===
=== max thread:         24              ===
=== idle timeout:       5000            ===
=== max queue size:     240000          ===
===========================================

2025-05-26 11:24:17 INFO  c.e.service.SampleItemServiceTest - Started SampleItemServiceTest in 0.195 seconds (process running for 4.732)
2025-05-26 11:24:17 INFO  console - Active Profile: []
2025-05-26 11:24:17 INFO  o.e.jetty.server.AbstractConnector - Stopped ServerConnector@274de4bc{HTTP/1.1, (http/1.1)}{0.0.0.0:0}
2025-05-26 11:24:17 INFO  org.eclipse.jetty.server.Server - Stopped oejs.Server@1300112e{STOPPING}[12.0.11,sto=0]
2025-05-26 11:24:17 INFO  o.e.j.s.h.ContextHandler.application - Destroying Spring FrameworkServlet 'dispatcherServlet'
2025-05-26 11:24:17 INFO  o.e.j.e.s.ServletContextHandler - Stopped osbwej.JettyEmbeddedWebAppContext@14f8fdae{application,/,b=file:/tmp/jetty-docbase.0.10254967589365460430/,a=AVAILABLE,h=oeje10s.SessionHandler@4414ee28{STOPPED}}
2025-05-26 11:24:39 INFO  c.e.c.SampleItemControllerTest - Starting SampleItemControllerTest using Java 17.0.15 with PID 2897 (started by gowda in /home/gowda/MyMavenApp)
2025-05-26 11:24:39 INFO  c.e.c.SampleItemControllerTest - No active profile set, falling back to 1 default profile: "default"
2025-05-26 11:24:40 INFO  console - =================== Jetty Server ==========
=== port:          0                    ===
=== min thread:         12              ===
=== max thread:         24              ===
=== idle timeout:       5000            ===
=== max queue size:     240000          ===
===========================================

2025-05-26 11:24:41 INFO  org.eclipse.jetty.server.Server - jetty-12.0.11; built: 2024-06-27T23:42:49.912Z; git: 9f90cedce372142f30c744a16a38d2c6bf634ab6; jvm 17.0.15+6-Ubuntu-0ubuntu124.04
2025-05-26 11:24:41 INFO  o.e.j.s.h.ContextHandler.application - Initializing Spring embedded WebApplicationContext
2025-05-26 11:24:41 INFO  o.e.j.s.DefaultSessionIdManager - Session workerName=node0
2025-05-26 11:24:41 INFO  o.e.j.server.handler.ContextHandler - Started osbwej.JettyEmbeddedWebAppContext@4f74edbf{application,/,b=file:/tmp/jetty-docbase.0.537654632730431393/,a=AVAILABLE,h=oeje10s.SessionHandler@3c1f2651{STARTED}}
2025-05-26 11:24:41 INFO  o.e.j.e.s.ServletContextHandler - Started osbwej.JettyEmbeddedWebAppContext@4f74edbf{application,/,b=file:/tmp/jetty-docbase.0.537654632730431393/,a=AVAILABLE,h=oeje10s.SessionHandler@3c1f2651{STARTED}}
2025-05-26 11:24:41 INFO  org.eclipse.jetty.server.Server - Started oejs.Server@1a507ea0{STARTING}[12.0.11,sto=0] @2862ms
2025-05-26 11:24:41 INFO  o.e.j.s.h.ContextHandler.application - Initializing Spring DispatcherServlet 'dispatcherServlet'
2025-05-26 11:24:41 INFO  o.e.jetty.server.AbstractConnector - Started ServerConnector@5498d2a2{HTTP/1.1, (http/1.1)}{0.0.0.0:44081}
2025-05-26 11:24:41 INFO  c.e.c.SampleItemControllerTest - Started SampleItemControllerTest in 1.935 seconds (process running for 3.175)
2025-05-26 11:24:41 INFO  console - Active Profile: []
2025-05-26 11:24:42 INFO  c.e.service.SampleItemServiceTest - Starting SampleItemServiceTest using Java 17.0.15 with PID 2897 (started by gowda in /home/gowda/MyMavenApp)
2025-05-26 11:24:42 INFO  c.e.service.SampleItemServiceTest - No active profile set, falling back to 1 default profile: "default"
2025-05-26 11:24:42 INFO  console - =================== Jetty Server ==========
=== port:       8080                    ===
=== min thread:         12              ===
=== max thread:         24              ===
=== idle timeout:       5000            ===
=== max queue size:     240000          ===
===========================================

2025-05-26 11:24:42 INFO  c.e.service.SampleItemServiceTest - Started SampleItemServiceTest in 0.18 seconds (process running for 4.574)
2025-05-26 11:24:42 INFO  console - Active Profile: []
2025-05-26 11:24:42 INFO  o.e.jetty.server.AbstractConnector - Stopped ServerConnector@5498d2a2{HTTP/1.1, (http/1.1)}{0.0.0.0:0}
2025-05-26 11:24:42 INFO  org.eclipse.jetty.server.Server - Stopped oejs.Server@1a507ea0{STOPPING}[12.0.11,sto=0]
2025-05-26 11:24:42 INFO  o.e.j.s.h.ContextHandler.application - Destroying Spring FrameworkServlet 'dispatcherServlet'
2025-05-26 11:24:42 INFO  o.e.j.e.s.ServletContextHandler - Stopped osbwej.JettyEmbeddedWebAppContext@4f74edbf{application,/,b=file:/tmp/jetty-docbase.0.537654632730431393/,a=AVAILABLE,h=oeje10s.SessionHandler@3c1f2651{STOPPED}}
